{"/home/vinicao/Desktop/projetos/barber_rafa/back-end/src/app.ts": {"path":"/home/vinicao/Desktop/projetos/barber_rafa/back-end/src/app.ts","statementMap":{"0":{"start":{"line":8,"column":12},"end":{"line":8,"column":21}},"1":{"start":{"line":9,"column":0},"end":{"line":9,"column":24}},"2":{"start":{"line":10,"column":0},"end":{"line":10,"column":16}},"3":{"start":{"line":11,"column":0},"end":{"line":11,"column":16}},"4":{"start":{"line":12,"column":0},"end":{"line":12,"column":32}}},"fnMap":{},"branchMap":{},"s":{"0":1,"1":1,"2":1,"3":1,"4":1},"f":{},"b":{}}
,"/home/vinicao/Desktop/projetos/barber_rafa/back-end/src/database.ts": {"path":"/home/vinicao/Desktop/projetos/barber_rafa/back-end/src/database.ts","statementMap":{"0":{"start":{"line":3,"column":20},"end":{"line":3,"column":58}},"1":{"start":{"line":4,"column":0},"end":{"line":4,"column":28}},"2":{"start":{"line":5,"column":11},"end":{"line":5,"column":52}}},"fnMap":{},"branchMap":{},"s":{"0":1,"1":1,"2":1},"f":{},"b":{}}
,"/home/vinicao/Desktop/projetos/barber_rafa/back-end/src/setup.ts": {"path":"/home/vinicao/Desktop/projetos/barber_rafa/back-end/src/setup.ts","statementMap":{"0":{"start":{"line":2,"column":0},"end":{"line":2,"column":16}}},"fnMap":{},"branchMap":{},"s":{"0":1},"f":{},"b":{}}
,"/home/vinicao/Desktop/projetos/barber_rafa/back-end/src/controllers/authController.ts": {"path":"/home/vinicao/Desktop/projetos/barber_rafa/back-end/src/controllers/authController.ts","statementMap":{"0":{"start":{"line":5,"column":4},"end":{"line":5,"column":39}},"1":{"start":{"line":7,"column":4},"end":{"line":7,"column":24}},"2":{"start":{"line":11,"column":18},"end":{"line":11,"column":52}},"3":{"start":{"line":13,"column":4},"end":{"line":13,"column":32}},"4":{"start":{"line":17,"column":4},"end":{"line":17,"column":24}}},"fnMap":{"0":{"name":"signUp","decl":{"start":{"line":4,"column":22},"end":{"line":4,"column":28}},"loc":{"start":{"line":4,"column":56},"end":{"line":8,"column":1}}},"1":{"name":"signIn","decl":{"start":{"line":10,"column":22},"end":{"line":10,"column":28}},"loc":{"start":{"line":10,"column":56},"end":{"line":14,"column":1}}},"2":{"name":"checkToken","decl":{"start":{"line":16,"column":22},"end":{"line":16,"column":32}},"loc":{"start":{"line":16,"column":60},"end":{"line":18,"column":1}}}},"branchMap":{},"s":{"0":3,"1":1,"2":4,"3":1,"4":1},"f":{"0":3,"1":4,"2":1},"b":{}}
,"/home/vinicao/Desktop/projetos/barber_rafa/back-end/src/controllers/categoryController.ts": {"path":"/home/vinicao/Desktop/projetos/barber_rafa/back-end/src/controllers/categoryController.ts","statementMap":{"0":{"start":{"line":5,"column":22},"end":{"line":5,"column":30}},"1":{"start":{"line":7,"column":4},"end":{"line":7,"column":40}},"2":{"start":{"line":9,"column":4},"end":{"line":9,"column":24}},"3":{"start":{"line":13,"column":23},"end":{"line":13,"column":50}},"4":{"start":{"line":15,"column":4},"end":{"line":15,"column":37}}},"fnMap":{"0":{"name":"create","decl":{"start":{"line":4,"column":22},"end":{"line":4,"column":28}},"loc":{"start":{"line":4,"column":56},"end":{"line":10,"column":1}}},"1":{"name":"get","decl":{"start":{"line":12,"column":22},"end":{"line":12,"column":25}},"loc":{"start":{"line":12,"column":53},"end":{"line":16,"column":1}}}},"branchMap":{},"s":{"0":2,"1":2,"2":1,"3":1,"4":1},"f":{"0":2,"1":1},"b":{}}
,"/home/vinicao/Desktop/projetos/barber_rafa/back-end/src/controllers/serviceController.ts": {"path":"/home/vinicao/Desktop/projetos/barber_rafa/back-end/src/controllers/serviceController.ts","statementMap":{"0":{"start":{"line":5,"column":30},"end":{"line":5,"column":40}},"1":{"start":{"line":7,"column":4},"end":{"line":7,"column":57}},"2":{"start":{"line":9,"column":4},"end":{"line":9,"column":24}},"3":{"start":{"line":13,"column":43},"end":{"line":13,"column":53}},"4":{"start":{"line":15,"column":4},"end":{"line":15,"column":67}},"5":{"start":{"line":17,"column":4},"end":{"line":17,"column":24}}},"fnMap":{"0":{"name":"create","decl":{"start":{"line":4,"column":22},"end":{"line":4,"column":28}},"loc":{"start":{"line":4,"column":56},"end":{"line":10,"column":1}}},"1":{"name":"deleteService","decl":{"start":{"line":12,"column":22},"end":{"line":12,"column":35}},"loc":{"start":{"line":12,"column":63},"end":{"line":18,"column":1}}}},"branchMap":{},"s":{"0":3,"1":3,"2":1,"3":0,"4":0,"5":0},"f":{"0":3,"1":0},"b":{}}
,"/home/vinicao/Desktop/projetos/barber_rafa/back-end/src/middlewares/handleErrorsMiddleware.ts": {"path":"/home/vinicao/Desktop/projetos/barber_rafa/back-end/src/middlewares/handleErrorsMiddleware.ts","statementMap":{"0":{"start":{"line":16,"column":4},"end":{"line":20,"column":null}},"1":{"start":{"line":17,"column":8},"end":{"line":19,"column":33}},"2":{"start":{"line":22,"column":4},"end":{"line":22,"column":31}}},"fnMap":{"0":{"name":"handleErrorsMiddleware","decl":{"start":{"line":8,"column":24},"end":{"line":8,"column":46}},"loc":{"start":{"line":12,"column":22},"end":{"line":23,"column":1}}}},"branchMap":{"0":{"loc":{"start":{"line":16,"column":4},"end":{"line":20,"column":null}},"type":"if","locations":[{"start":{"line":16,"column":4},"end":{"line":20,"column":null}}]}},"s":{"0":21,"1":21,"2":0},"f":{"0":21},"b":{"0":[21]}}
,"/home/vinicao/Desktop/projetos/barber_rafa/back-end/src/middlewares/validateSchemaMiddleware.ts": {"path":"/home/vinicao/Desktop/projetos/barber_rafa/back-end/src/middlewares/validateSchemaMiddleware.ts","statementMap":{"0":{"start":{"line":5,"column":4},"end":{"line":12,"column":6}},"1":{"start":{"line":6,"column":27},"end":{"line":6,"column":52}},"2":{"start":{"line":7,"column":8},"end":{"line":9,"column":null}},"3":{"start":{"line":8,"column":12},"end":{"line":8,"column":76}},"4":{"start":{"line":11,"column":8},"end":{"line":11,"column":15}}},"fnMap":{"0":{"name":"validateSchemaMiddleware","decl":{"start":{"line":4,"column":16},"end":{"line":4,"column":40}},"loc":{"start":{"line":4,"column":61},"end":{"line":13,"column":1}}},"1":{"name":"(anonymous_1)","decl":{"start":{"line":5,"column":11},"end":{"line":5,"column":12}},"loc":{"start":{"line":5,"column":63},"end":{"line":12,"column":5}}}},"branchMap":{"0":{"loc":{"start":{"line":7,"column":8},"end":{"line":9,"column":null}},"type":"if","locations":[{"start":{"line":7,"column":8},"end":{"line":9,"column":null}}]}},"s":{"0":4,"1":24,"2":24,"3":12,"4":12},"f":{"0":4,"1":24},"b":{"0":[12]}}
,"/home/vinicao/Desktop/projetos/barber_rafa/back-end/src/middlewares/validateTokenMiddleware.ts": {"path":"/home/vinicao/Desktop/projetos/barber_rafa/back-end/src/middlewares/validateTokenMiddleware.ts","statementMap":{"0":{"start":{"line":10,"column":18},"end":{"line":10,"column":60}},"1":{"start":{"line":12,"column":4},"end":{"line":14,"column":null}},"2":{"start":{"line":13,"column":8},"end":{"line":13,"column":65}},"3":{"start":{"line":16,"column":22},"end":{"line":16,"column":41}},"4":{"start":{"line":17,"column":4},"end":{"line":17,"column":41}},"5":{"start":{"line":19,"column":4},"end":{"line":19,"column":11}},"6":{"start":{"line":24,"column":4},"end":{"line":29,"column":7}},"7":{"start":{"line":25,"column":8},"end":{"line":27,"column":null}},"8":{"start":{"line":26,"column":12},"end":{"line":26,"column":69}},"9":{"start":{"line":28,"column":8},"end":{"line":28,"column":46}},"10":{"start":{"line":30,"column":4},"end":{"line":30,"column":21}},"11":{"start":{"line":34,"column":17},"end":{"line":34,"column":73}},"12":{"start":{"line":36,"column":4},"end":{"line":38,"column":null}},"13":{"start":{"line":37,"column":8},"end":{"line":37,"column":65}},"14":{"start":{"line":40,"column":4},"end":{"line":40,"column":16}}},"fnMap":{"0":{"name":"validateTokenMiddleware","decl":{"start":{"line":5,"column":30},"end":{"line":5,"column":53}},"loc":{"start":{"line":8,"column":22},"end":{"line":20,"column":1}}},"1":{"name":"getTokenData","decl":{"start":{"line":22,"column":9},"end":{"line":22,"column":21}},"loc":{"start":{"line":22,"column":35},"end":{"line":31,"column":1}}},"2":{"name":"(anonymous_2)","decl":{"start":{"line":24,"column":46},"end":{"line":24,"column":47}},"loc":{"start":{"line":24,"column":65},"end":{"line":29,"column":5}}},"3":{"name":"getUser","decl":{"start":{"line":33,"column":15},"end":{"line":33,"column":22}},"loc":{"start":{"line":33,"column":48},"end":{"line":41,"column":1}}}},"branchMap":{"0":{"loc":{"start":{"line":12,"column":4},"end":{"line":14,"column":null}},"type":"if","locations":[{"start":{"line":12,"column":4},"end":{"line":14,"column":null}}]},"1":{"loc":{"start":{"line":25,"column":8},"end":{"line":27,"column":null}},"type":"if","locations":[{"start":{"line":25,"column":8},"end":{"line":27,"column":null}}]},"2":{"loc":{"start":{"line":36,"column":4},"end":{"line":38,"column":null}},"type":"if","locations":[{"start":{"line":36,"column":4},"end":{"line":38,"column":null}}]}},"s":{"0":8,"1":8,"2":0,"3":8,"4":7,"5":7,"6":8,"7":8,"8":1,"9":7,"10":7,"11":7,"12":7,"13":0,"14":7},"f":{"0":8,"1":8,"2":8,"3":7},"b":{"0":[0],"1":[1],"2":[0]}}
,"/home/vinicao/Desktop/projetos/barber_rafa/back-end/src/repositories/categoryRepository.ts": {"path":"/home/vinicao/Desktop/projetos/barber_rafa/back-end/src/repositories/categoryRepository.ts","statementMap":{"0":{"start":{"line":4,"column":4},"end":{"line":4,"column":80}},"1":{"start":{"line":8,"column":4},"end":{"line":8,"column":64}},"2":{"start":{"line":12,"column":4},"end":{"line":12,"column":64}}},"fnMap":{"0":{"name":"insert","decl":{"start":{"line":3,"column":22},"end":{"line":3,"column":28}},"loc":{"start":{"line":3,"column":42},"end":{"line":5,"column":1}}},"1":{"name":"getAll","decl":{"start":{"line":7,"column":22},"end":{"line":7,"column":28}},"loc":{"start":{"line":7,"column":28},"end":{"line":9,"column":1}}},"2":{"name":"getByTitle","decl":{"start":{"line":11,"column":22},"end":{"line":11,"column":32}},"loc":{"start":{"line":11,"column":46},"end":{"line":13,"column":1}}}},"branchMap":{},"s":{"0":1,"1":1,"2":5},"f":{"0":1,"1":1,"2":5},"b":{}}
,"/home/vinicao/Desktop/projetos/barber_rafa/back-end/src/repositories/serviceRepository.ts": {"path":"/home/vinicao/Desktop/projetos/barber_rafa/back-end/src/repositories/serviceRepository.ts","statementMap":{"0":{"start":{"line":6,"column":4},"end":{"line":13,"column":6}},"1":{"start":{"line":17,"column":4},"end":{"line":24,"column":6}}},"fnMap":{"0":{"name":"createNewService","decl":{"start":{"line":5,"column":22},"end":{"line":5,"column":38}},"loc":{"start":{"line":5,"column":71},"end":{"line":14,"column":1}}},"1":{"name":"deleteService","decl":{"start":{"line":16,"column":22},"end":{"line":16,"column":35}},"loc":{"start":{"line":16,"column":63},"end":{"line":25,"column":1}}}},"branchMap":{},"s":{"0":1,"1":0},"f":{"0":1,"1":0},"b":{}}
,"/home/vinicao/Desktop/projetos/barber_rafa/back-end/src/repositories/userRepository.ts": {"path":"/home/vinicao/Desktop/projetos/barber_rafa/back-end/src/repositories/userRepository.ts","statementMap":{"0":{"start":{"line":4,"column":4},"end":{"line":4,"column":59}},"1":{"start":{"line":13,"column":4},"end":{"line":13,"column":77}},"2":{"start":{"line":15,"column":4},"end":{"line":15,"column":11}}},"fnMap":{"0":{"name":"findByEmail","decl":{"start":{"line":3,"column":22},"end":{"line":3,"column":33}},"loc":{"start":{"line":3,"column":47},"end":{"line":5,"column":1}}},"1":{"name":"createNewUser","decl":{"start":{"line":7,"column":22},"end":{"line":7,"column":35}},"loc":{"start":{"line":11,"column":20},"end":{"line":16,"column":1}}}},"branchMap":{},"s":{"0":13,"1":1,"2":1},"f":{"0":13,"1":1},"b":{}}
,"/home/vinicao/Desktop/projetos/barber_rafa/back-end/src/routers/authRouter.ts": {"path":"/home/vinicao/Desktop/projetos/barber_rafa/back-end/src/routers/authRouter.ts","statementMap":{"0":{"start":{"line":8,"column":19},"end":{"line":8,"column":27}},"1":{"start":{"line":10,"column":0},"end":{"line":14,"column":2}},"2":{"start":{"line":15,"column":0},"end":{"line":19,"column":2}},"3":{"start":{"line":21,"column":0},"end":{"line":25,"column":2}}},"fnMap":{},"branchMap":{},"s":{"0":1,"1":1,"2":1,"3":1},"f":{},"b":{}}
,"/home/vinicao/Desktop/projetos/barber_rafa/back-end/src/routers/categoryRouter.ts": {"path":"/home/vinicao/Desktop/projetos/barber_rafa/back-end/src/routers/categoryRouter.ts","statementMap":{"0":{"start":{"line":7,"column":23},"end":{"line":7,"column":31}},"1":{"start":{"line":9,"column":0},"end":{"line":14,"column":2}},"2":{"start":{"line":16,"column":0},"end":{"line":20,"column":2}}},"fnMap":{},"branchMap":{},"s":{"0":1,"1":1,"2":1},"f":{},"b":{}}
,"/home/vinicao/Desktop/projetos/barber_rafa/back-end/src/routers/index.ts": {"path":"/home/vinicao/Desktop/projetos/barber_rafa/back-end/src/routers/index.ts","statementMap":{"0":{"start":{"line":6,"column":15},"end":{"line":6,"column":23}},"1":{"start":{"line":7,"column":0},"end":{"line":7,"column":23}},"2":{"start":{"line":8,"column":0},"end":{"line":8,"column":27}},"3":{"start":{"line":9,"column":0},"end":{"line":9,"column":26}}},"fnMap":{},"branchMap":{},"s":{"0":1,"1":1,"2":1,"3":1},"f":{},"b":{}}
,"/home/vinicao/Desktop/projetos/barber_rafa/back-end/src/routers/serviceRouter.ts": {"path":"/home/vinicao/Desktop/projetos/barber_rafa/back-end/src/routers/serviceRouter.ts","statementMap":{"0":{"start":{"line":7,"column":22},"end":{"line":7,"column":30}},"1":{"start":{"line":9,"column":0},"end":{"line":14,"column":2}},"2":{"start":{"line":16,"column":0},"end":{"line":20,"column":2}}},"fnMap":{},"branchMap":{},"s":{"0":1,"1":1,"2":1},"f":{},"b":{}}
,"/home/vinicao/Desktop/projetos/barber_rafa/back-end/src/schemas/categorySchema.ts": {"path":"/home/vinicao/Desktop/projetos/barber_rafa/back-end/src/schemas/categorySchema.ts","statementMap":{"0":{"start":{"line":4,"column":23},"end":{"line":6,"column":2}}},"fnMap":{},"branchMap":{},"s":{"0":1},"f":{},"b":{}}
,"/home/vinicao/Desktop/projetos/barber_rafa/back-end/src/schemas/serviceSchema.ts": {"path":"/home/vinicao/Desktop/projetos/barber_rafa/back-end/src/schemas/serviceSchema.ts","statementMap":{"0":{"start":{"line":4,"column":22},"end":{"line":9,"column":2}}},"fnMap":{},"branchMap":{},"s":{"0":1},"f":{},"b":{}}
,"/home/vinicao/Desktop/projetos/barber_rafa/back-end/src/schemas/signInSchema.ts": {"path":"/home/vinicao/Desktop/projetos/barber_rafa/back-end/src/schemas/signInSchema.ts","statementMap":{"0":{"start":{"line":4,"column":21},"end":{"line":7,"column":2}}},"fnMap":{},"branchMap":{},"s":{"0":1},"f":{},"b":{}}
,"/home/vinicao/Desktop/projetos/barber_rafa/back-end/src/schemas/signUpSchema.ts": {"path":"/home/vinicao/Desktop/projetos/barber_rafa/back-end/src/schemas/signUpSchema.ts","statementMap":{"0":{"start":{"line":4,"column":21},"end":{"line":10,"column":2}}},"fnMap":{},"branchMap":{},"s":{"0":1},"f":{},"b":{}}
,"/home/vinicao/Desktop/projetos/barber_rafa/back-end/src/services/authService.ts": {"path":"/home/vinicao/Desktop/projetos/barber_rafa/back-end/src/services/authService.ts","statementMap":{"0":{"start":{"line":23,"column":67},"end":{"line":23,"column":71}},"1":{"start":{"line":25,"column":4},"end":{"line":25,"column":58}},"2":{"start":{"line":26,"column":4},"end":{"line":26,"column":36}},"3":{"start":{"line":27,"column":30},"end":{"line":27,"column":55}},"4":{"start":{"line":29,"column":4},"end":{"line":29,"column":78}},"5":{"start":{"line":31,"column":4},"end":{"line":31,"column":11}},"6":{"start":{"line":35,"column":32},"end":{"line":35,"column":36}},"7":{"start":{"line":37,"column":17},"end":{"line":37,"column":53}},"8":{"start":{"line":38,"column":4},"end":{"line":42,"column":7}},"9":{"start":{"line":46,"column":4},"end":{"line":48,"column":null}},"10":{"start":{"line":47,"column":8},"end":{"line":47,"column":70}},"11":{"start":{"line":49,"column":4},"end":{"line":49,"column":11}},"12":{"start":{"line":53,"column":17},"end":{"line":53,"column":56}},"13":{"start":{"line":55,"column":4},"end":{"line":57,"column":null}},"14":{"start":{"line":56,"column":8},"end":{"line":56,"column":68}},"15":{"start":{"line":61,"column":4},"end":{"line":61,"column":41}},"16":{"start":{"line":65,"column":17},"end":{"line":65,"column":56}},"17":{"start":{"line":66,"column":4},"end":{"line":66,"column":79}},"18":{"start":{"line":66,"column":15},"end":{"line":66,"column":79}},"19":{"start":{"line":68,"column":4},"end":{"line":68,"column":37}},"20":{"start":{"line":70,"column":4},"end":{"line":70,"column":16}},"21":{"start":{"line":74,"column":4},"end":{"line":76,"column":null}},"22":{"start":{"line":75,"column":8},"end":{"line":75,"column":72}},"23":{"start":{"line":80,"column":22},"end":{"line":80,"column":44}},"24":{"start":{"line":82,"column":4},"end":{"line":90,"column":6}}},"fnMap":{"0":{"name":"signUp","decl":{"start":{"line":22,"column":22},"end":{"line":22,"column":28}},"loc":{"start":{"line":22,"column":45},"end":{"line":32,"column":1}}},"1":{"name":"signIn","decl":{"start":{"line":34,"column":22},"end":{"line":34,"column":28}},"loc":{"start":{"line":34,"column":45},"end":{"line":43,"column":1}}},"2":{"name":"checkIfPasswordsMatch","decl":{"start":{"line":45,"column":9},"end":{"line":45,"column":30}},"loc":{"start":{"line":45,"column":77},"end":{"line":50,"column":1}}},"3":{"name":"checkIfEmailExists","decl":{"start":{"line":52,"column":15},"end":{"line":52,"column":33}},"loc":{"start":{"line":52,"column":47},"end":{"line":58,"column":1}}},"4":{"name":"encryptPassword","decl":{"start":{"line":60,"column":9},"end":{"line":60,"column":24}},"loc":{"start":{"line":60,"column":41},"end":{"line":62,"column":1}}},"5":{"name":"validateLogin","decl":{"start":{"line":64,"column":15},"end":{"line":64,"column":28}},"loc":{"start":{"line":64,"column":60},"end":{"line":71,"column":1}}},"6":{"name":"validatePassword","decl":{"start":{"line":73,"column":9},"end":{"line":73,"column":25}},"loc":{"start":{"line":73,"column":53},"end":{"line":77,"column":1}}},"7":{"name":"generateToken","decl":{"start":{"line":79,"column":9},"end":{"line":79,"column":22}},"loc":{"start":{"line":79,"column":38},"end":{"line":91,"column":1}}}},"branchMap":{"0":{"loc":{"start":{"line":46,"column":4},"end":{"line":48,"column":null}},"type":"if","locations":[{"start":{"line":46,"column":4},"end":{"line":48,"column":null}}]},"1":{"loc":{"start":{"line":55,"column":4},"end":{"line":57,"column":null}},"type":"if","locations":[{"start":{"line":55,"column":4},"end":{"line":57,"column":null}}]},"2":{"loc":{"start":{"line":66,"column":4},"end":{"line":66,"column":79}},"type":"if","locations":[{"start":{"line":66,"column":4},"end":{"line":66,"column":79}}]},"3":{"loc":{"start":{"line":74,"column":4},"end":{"line":76,"column":null}},"type":"if","locations":[{"start":{"line":74,"column":4},"end":{"line":76,"column":null}}]}},"s":{"0":3,"1":3,"2":2,"3":1,"4":1,"5":1,"6":4,"7":4,"8":1,"9":3,"10":1,"11":2,"12":2,"13":2,"14":1,"15":1,"16":4,"17":4,"18":2,"19":2,"20":1,"21":2,"22":1,"23":1,"24":1},"f":{"0":3,"1":4,"2":3,"3":2,"4":1,"5":4,"6":2,"7":1},"b":{"0":[1],"1":[1],"2":[2],"3":[1]}}
,"/home/vinicao/Desktop/projetos/barber_rafa/back-end/src/services/categoryService.ts": {"path":"/home/vinicao/Desktop/projetos/barber_rafa/back-end/src/services/categoryService.ts","statementMap":{"0":{"start":{"line":8,"column":21},"end":{"line":8,"column":63}},"1":{"start":{"line":10,"column":4},"end":{"line":14,"column":10}},"2":{"start":{"line":11,"column":8},"end":{"line":14,"column":10}},"3":{"start":{"line":16,"column":4},"end":{"line":16,"column":43}},"4":{"start":{"line":20,"column":4},"end":{"line":20,"column":45}}},"fnMap":{"0":{"name":"create","decl":{"start":{"line":7,"column":22},"end":{"line":7,"column":28}},"loc":{"start":{"line":7,"column":42},"end":{"line":17,"column":1}}},"1":{"name":"get","decl":{"start":{"line":19,"column":22},"end":{"line":19,"column":25}},"loc":{"start":{"line":19,"column":25},"end":{"line":21,"column":1}}}},"branchMap":{"0":{"loc":{"start":{"line":10,"column":4},"end":{"line":14,"column":10}},"type":"if","locations":[{"start":{"line":10,"column":4},"end":{"line":14,"column":10}}]}},"s":{"0":2,"1":2,"2":1,"3":1,"4":1},"f":{"0":2,"1":1},"b":{"0":[1]}}
,"/home/vinicao/Desktop/projetos/barber_rafa/back-end/src/services/serviceService.ts": {"path":"/home/vinicao/Desktop/projetos/barber_rafa/back-end/src/services/serviceService.ts","statementMap":{"0":{"start":{"line":12,"column":4},"end":{"line":16,"column":10}},"1":{"start":{"line":13,"column":8},"end":{"line":16,"column":10}},"2":{"start":{"line":18,"column":4},"end":{"line":18,"column":66}},"3":{"start":{"line":25,"column":4},"end":{"line":26,"column":66}},"4":{"start":{"line":26,"column":8},"end":{"line":26,"column":66}},"5":{"start":{"line":28,"column":4},"end":{"line":28,"column":70}},"6":{"start":{"line":32,"column":21},"end":{"line":32,"column":71}},"7":{"start":{"line":34,"column":4},"end":{"line":34,"column":78}},"8":{"start":{"line":34,"column":19},"end":{"line":34,"column":78}},"9":{"start":{"line":36,"column":4},"end":{"line":36,"column":20}},"10":{"start":{"line":43,"column":21},"end":{"line":43,"column":58}},"11":{"start":{"line":45,"column":24},"end":{"line":45,"column":29}},"12":{"start":{"line":46,"column":4},"end":{"line":50,"column":null}},"13":{"start":{"line":46,"column":17},"end":{"line":46,"column":18}},"14":{"start":{"line":47,"column":8},"end":{"line":49,"column":null}},"15":{"start":{"line":48,"column":12},"end":{"line":48,"column":33}},"16":{"start":{"line":52,"column":4},"end":{"line":52,"column":25}}},"fnMap":{"0":{"name":"create","decl":{"start":{"line":11,"column":22},"end":{"line":11,"column":28}},"loc":{"start":{"line":11,"column":69},"end":{"line":19,"column":1}}},"1":{"name":"deleteService","decl":{"start":{"line":21,"column":22},"end":{"line":21,"column":35}},"loc":{"start":{"line":23,"column":23},"end":{"line":29,"column":1}}},"2":{"name":"validateCategory","decl":{"start":{"line":31,"column":15},"end":{"line":31,"column":31}},"loc":{"start":{"line":31,"column":53},"end":{"line":37,"column":1}}},"3":{"name":"validateCategoryService","decl":{"start":{"line":39,"column":15},"end":{"line":39,"column":38}},"loc":{"start":{"line":41,"column":23},"end":{"line":53,"column":1}}}},"branchMap":{"0":{"loc":{"start":{"line":12,"column":4},"end":{"line":16,"column":10}},"type":"if","locations":[{"start":{"line":12,"column":4},"end":{"line":16,"column":10}}]},"1":{"loc":{"start":{"line":25,"column":4},"end":{"line":26,"column":66}},"type":"if","locations":[{"start":{"line":25,"column":4},"end":{"line":26,"column":66}}]},"2":{"loc":{"start":{"line":34,"column":4},"end":{"line":34,"column":78}},"type":"if","locations":[{"start":{"line":34,"column":4},"end":{"line":34,"column":78}}]},"3":{"loc":{"start":{"line":47,"column":8},"end":{"line":49,"column":null}},"type":"if","locations":[{"start":{"line":47,"column":8},"end":{"line":49,"column":null}}]}},"s":{"0":3,"1":1,"2":1,"3":0,"4":0,"5":0,"6":3,"7":3,"8":1,"9":2,"10":3,"11":2,"12":2,"13":2,"14":1,"15":1,"16":2},"f":{"0":3,"1":0,"2":3,"3":3},"b":{"0":[1],"1":[0],"2":[1],"3":[1]}}
,"/home/vinicao/Desktop/projetos/barber_rafa/back-end/src/utils/errorUtils.ts": {"path":"/home/vinicao/Desktop/projetos/barber_rafa/back-end/src/utils/errorUtils.ts","statementMap":{"0":{"start":{"line":8,"column":4},"end":{"line":8,"column":50}},"1":{"start":{"line":12,"column":4},"end":{"line":12,"column":44}},"2":{"start":{"line":12,"column":33},"end":{"line":12,"column":44}},"3":{"start":{"line":13,"column":4},"end":{"line":13,"column":41}},"4":{"start":{"line":13,"column":30},"end":{"line":13,"column":41}},"5":{"start":{"line":14,"column":4},"end":{"line":14,"column":40}},"6":{"start":{"line":14,"column":29},"end":{"line":14,"column":40}},"7":{"start":{"line":15,"column":4},"end":{"line":15,"column":43}},"8":{"start":{"line":15,"column":32},"end":{"line":15,"column":43}},"9":{"start":{"line":16,"column":4},"end":{"line":16,"column":15}}},"fnMap":{"0":{"name":"isAppError","decl":{"start":{"line":7,"column":16},"end":{"line":7,"column":26}},"loc":{"start":{"line":7,"column":40},"end":{"line":9,"column":1}}},"1":{"name":"errorTypeToStatusCode","decl":{"start":{"line":11,"column":16},"end":{"line":11,"column":37}},"loc":{"start":{"line":11,"column":57},"end":{"line":17,"column":1}}}},"branchMap":{"0":{"loc":{"start":{"line":12,"column":4},"end":{"line":12,"column":44}},"type":"if","locations":[{"start":{"line":12,"column":4},"end":{"line":12,"column":44}}]},"1":{"loc":{"start":{"line":13,"column":4},"end":{"line":13,"column":41}},"type":"if","locations":[{"start":{"line":13,"column":4},"end":{"line":13,"column":41}}]},"2":{"loc":{"start":{"line":14,"column":4},"end":{"line":14,"column":40}},"type":"if","locations":[{"start":{"line":14,"column":4},"end":{"line":14,"column":40}}]},"3":{"loc":{"start":{"line":15,"column":4},"end":{"line":15,"column":43}},"type":"if","locations":[{"start":{"line":15,"column":4},"end":{"line":15,"column":43}}]}},"s":{"0":21,"1":21,"2":1,"3":20,"4":1,"5":19,"6":7,"7":12,"8":0,"9":12},"f":{"0":21,"1":21},"b":{"0":[1],"1":[1],"2":[7],"3":[0]}}
,"/home/vinicao/Desktop/projetos/barber_rafa/back-end/tests/factories/categoryFactory.ts": {"path":"/home/vinicao/Desktop/projetos/barber_rafa/back-end/tests/factories/categoryFactory.ts","statementMap":{"0":{"start":{"line":7,"column":18},"end":{"line":7,"column":43}},"1":{"start":{"line":9,"column":4},"end":{"line":15,"column":null}},"2":{"start":{"line":10,"column":8},"end":{"line":10,"column":18}},"3":{"start":{"line":12,"column":8},"end":{"line":14,"column":10}},"4":{"start":{"line":19,"column":17},"end":{"line":19,"column":31}},"5":{"start":{"line":21,"column":4},"end":{"line":23,"column":56}},"6":{"start":{"line":25,"column":4},"end":{"line":25,"column":16}}},"fnMap":{"0":{"name":"categoryBody","decl":{"start":{"line":6,"column":16},"end":{"line":6,"column":28}},"loc":{"start":{"line":6,"column":58},"end":{"line":16,"column":1}}},"1":{"name":"insertCategory","decl":{"start":{"line":18,"column":22},"end":{"line":18,"column":36}},"loc":{"start":{"line":18,"column":36},"end":{"line":26,"column":1}}}},"branchMap":{"0":{"loc":{"start":{"line":9,"column":4},"end":{"line":15,"column":null}},"type":"if","locations":[{"start":{"line":9,"column":4},"end":{"line":15,"column":null}},{"start":{"line":11,"column":11},"end":{"line":15,"column":null}}]}},"s":{"0":12,"1":12,"2":1,"3":11,"4":10,"5":10,"6":10},"f":{"0":12,"1":10},"b":{"0":[1,11]}}
,"/home/vinicao/Desktop/projetos/barber_rafa/back-end/tests/factories/servicesFactory.ts": {"path":"/home/vinicao/Desktop/projetos/barber_rafa/back-end/tests/factories/servicesFactory.ts","statementMap":{"0":{"start":{"line":8,"column":17},"end":{"line":8,"column":42}},"1":{"start":{"line":9,"column":18},"end":{"line":9,"column":40}},"2":{"start":{"line":10,"column":21},"end":{"line":10,"column":53}},"3":{"start":{"line":11,"column":24},"end":{"line":11,"column":59}},"4":{"start":{"line":13,"column":4},"end":{"line":44,"column":null}},"5":{"start":{"line":14,"column":8},"end":{"line":18,"column":10}},"6":{"start":{"line":19,"column":11},"end":{"line":44,"column":null}},"7":{"start":{"line":20,"column":8},"end":{"line":24,"column":10}},"8":{"start":{"line":25,"column":11},"end":{"line":44,"column":null}},"9":{"start":{"line":26,"column":8},"end":{"line":30,"column":10}},"10":{"start":{"line":31,"column":11},"end":{"line":44,"column":null}},"11":{"start":{"line":32,"column":8},"end":{"line":36,"column":10}},"12":{"start":{"line":38,"column":8},"end":{"line":43,"column":10}},"13":{"start":{"line":48,"column":17},"end":{"line":48,"column":30}},"14":{"start":{"line":50,"column":4},"end":{"line":57,"column":6}},"15":{"start":{"line":59,"column":4},"end":{"line":59,"column":16}}},"fnMap":{"0":{"name":"serviceBody","decl":{"start":{"line":7,"column":16},"end":{"line":7,"column":27}},"loc":{"start":{"line":7,"column":56},"end":{"line":45,"column":1}}},"1":{"name":"insertService","decl":{"start":{"line":47,"column":22},"end":{"line":47,"column":35}},"loc":{"start":{"line":47,"column":49},"end":{"line":60,"column":1}}}},"branchMap":{"0":{"loc":{"start":{"line":13,"column":4},"end":{"line":44,"column":null}},"type":"if","locations":[{"start":{"line":13,"column":4},"end":{"line":44,"column":null}},{"start":{"line":19,"column":11},"end":{"line":44,"column":null}}]},"1":{"loc":{"start":{"line":19,"column":11},"end":{"line":44,"column":null}},"type":"if","locations":[{"start":{"line":19,"column":11},"end":{"line":44,"column":null}},{"start":{"line":25,"column":11},"end":{"line":44,"column":null}}]},"2":{"loc":{"start":{"line":25,"column":11},"end":{"line":44,"column":null}},"type":"if","locations":[{"start":{"line":25,"column":11},"end":{"line":44,"column":null}},{"start":{"line":31,"column":11},"end":{"line":44,"column":null}}]},"3":{"loc":{"start":{"line":31,"column":11},"end":{"line":44,"column":null}},"type":"if","locations":[{"start":{"line":31,"column":11},"end":{"line":44,"column":null}},{"start":{"line":37,"column":11},"end":{"line":44,"column":null}}]}},"s":{"0":7,"1":7,"2":7,"3":7,"4":7,"5":1,"6":6,"7":1,"8":5,"9":1,"10":4,"11":1,"12":3,"13":1,"14":1,"15":1},"f":{"0":7,"1":1},"b":{"0":[1,6],"1":[1,5],"2":[1,4],"3":[1,3]}}
,"/home/vinicao/Desktop/projetos/barber_rafa/back-end/tests/factories/signInFactory.ts": {"path":"/home/vinicao/Desktop/projetos/barber_rafa/back-end/tests/factories/signInFactory.ts","statementMap":{"0":{"start":{"line":9,"column":18},"end":{"line":9,"column":40}},"1":{"start":{"line":10,"column":21},"end":{"line":10,"column":46}},"2":{"start":{"line":12,"column":4},"end":{"line":25,"column":null}},"3":{"start":{"line":13,"column":8},"end":{"line":15,"column":10}},"4":{"start":{"line":16,"column":11},"end":{"line":25,"column":null}},"5":{"start":{"line":17,"column":8},"end":{"line":19,"column":10}},"6":{"start":{"line":21,"column":8},"end":{"line":24,"column":10}},"7":{"start":{"line":29,"column":17},"end":{"line":29,"column":39}},"8":{"start":{"line":30,"column":18},"end":{"line":30,"column":40}},"9":{"start":{"line":31,"column":18},"end":{"line":31,"column":58}},"10":{"start":{"line":32,"column":21},"end":{"line":32,"column":46}},"11":{"start":{"line":33,"column":30},"end":{"line":33,"column":59}},"12":{"start":{"line":35,"column":4},"end":{"line":37,"column":72}},"13":{"start":{"line":39,"column":4},"end":{"line":44,"column":6}},"14":{"start":{"line":48,"column":35},"end":{"line":48,"column":49}},"15":{"start":{"line":50,"column":22},"end":{"line":50,"column":44}},"16":{"start":{"line":52,"column":4},"end":{"line":60,"column":6}}},"fnMap":{"0":{"name":"signInBody","decl":{"start":{"line":8,"column":16},"end":{"line":8,"column":26}},"loc":{"start":{"line":8,"column":54},"end":{"line":26,"column":1}}},"1":{"name":"signIn","decl":{"start":{"line":28,"column":22},"end":{"line":28,"column":28}},"loc":{"start":{"line":28,"column":28},"end":{"line":45,"column":1}}},"2":{"name":"generateValidToken","decl":{"start":{"line":47,"column":22},"end":{"line":47,"column":40}},"loc":{"start":{"line":47,"column":40},"end":{"line":61,"column":1}}}},"branchMap":{"0":{"loc":{"start":{"line":12,"column":4},"end":{"line":25,"column":null}},"type":"if","locations":[{"start":{"line":12,"column":4},"end":{"line":25,"column":null}},{"start":{"line":16,"column":11},"end":{"line":25,"column":null}}]},"1":{"loc":{"start":{"line":16,"column":11},"end":{"line":25,"column":null}},"type":"if","locations":[{"start":{"line":16,"column":11},"end":{"line":25,"column":null}},{"start":{"line":20,"column":11},"end":{"line":25,"column":null}}]}},"s":{"0":4,"1":4,"2":4,"3":1,"4":3,"5":1,"6":2,"7":14,"8":14,"9":14,"10":14,"11":14,"12":14,"13":14,"14":12,"15":12,"16":12},"f":{"0":4,"1":14,"2":12},"b":{"0":[1,3],"1":[1,2]}}
,"/home/vinicao/Desktop/projetos/barber_rafa/back-end/tests/factories/signUpFactory.ts": {"path":"/home/vinicao/Desktop/projetos/barber_rafa/back-end/tests/factories/signUpFactory.ts","statementMap":{"0":{"start":{"line":11,"column":17},"end":{"line":11,"column":39}},"1":{"start":{"line":12,"column":18},"end":{"line":12,"column":40}},"2":{"start":{"line":13,"column":18},"end":{"line":13,"column":58}},"3":{"start":{"line":14,"column":21},"end":{"line":14,"column":46}},"4":{"start":{"line":16,"column":4},"end":{"line":59,"column":null}},"5":{"start":{"line":17,"column":8},"end":{"line":22,"column":10}},"6":{"start":{"line":23,"column":11},"end":{"line":59,"column":null}},"7":{"start":{"line":24,"column":8},"end":{"line":29,"column":10}},"8":{"start":{"line":30,"column":11},"end":{"line":59,"column":null}},"9":{"start":{"line":31,"column":8},"end":{"line":36,"column":10}},"10":{"start":{"line":37,"column":11},"end":{"line":59,"column":null}},"11":{"start":{"line":38,"column":8},"end":{"line":43,"column":10}},"12":{"start":{"line":44,"column":11},"end":{"line":59,"column":null}},"13":{"start":{"line":45,"column":8},"end":{"line":50,"column":10}},"14":{"start":{"line":52,"column":8},"end":{"line":58,"column":10}}},"fnMap":{"0":{"name":"signUpBody","decl":{"start":{"line":10,"column":16},"end":{"line":10,"column":26}},"loc":{"start":{"line":10,"column":48},"end":{"line":60,"column":1}}}},"branchMap":{"0":{"loc":{"start":{"line":16,"column":4},"end":{"line":59,"column":null}},"type":"if","locations":[{"start":{"line":16,"column":4},"end":{"line":59,"column":null}},{"start":{"line":23,"column":11},"end":{"line":59,"column":null}}]},"1":{"loc":{"start":{"line":23,"column":11},"end":{"line":59,"column":null}},"type":"if","locations":[{"start":{"line":23,"column":11},"end":{"line":59,"column":null}},{"start":{"line":30,"column":11},"end":{"line":59,"column":null}}]},"2":{"loc":{"start":{"line":30,"column":11},"end":{"line":59,"column":null}},"type":"if","locations":[{"start":{"line":30,"column":11},"end":{"line":59,"column":null}},{"start":{"line":37,"column":11},"end":{"line":59,"column":null}}]},"3":{"loc":{"start":{"line":37,"column":11},"end":{"line":59,"column":null}},"type":"if","locations":[{"start":{"line":37,"column":11},"end":{"line":59,"column":null}},{"start":{"line":44,"column":11},"end":{"line":59,"column":null}}]},"4":{"loc":{"start":{"line":44,"column":11},"end":{"line":59,"column":null}},"type":"if","locations":[{"start":{"line":44,"column":11},"end":{"line":59,"column":null}},{"start":{"line":51,"column":11},"end":{"line":59,"column":null}}]}},"s":{"0":8,"1":8,"2":8,"3":8,"4":8,"5":1,"6":7,"7":1,"8":6,"9":1,"10":5,"11":1,"12":4,"13":1,"14":3},"f":{"0":8},"b":{"0":[1,7],"1":[1,6],"2":[1,5],"3":[1,4],"4":[1,3]}}
}
