TN:
SF:src/app.ts
FNF:0
FNH:0
DA:8,1
DA:9,1
DA:10,1
DA:11,1
DA:12,1
LF:5
LH:5
BRF:0
BRH:0
end_of_record
TN:
SF:src/database.ts
FNF:0
FNH:0
DA:3,1
DA:4,1
DA:5,1
LF:3
LH:3
BRF:0
BRH:0
end_of_record
TN:
SF:src/setup.ts
FNF:0
FNH:0
DA:2,1
LF:1
LH:1
BRF:0
BRH:0
end_of_record
TN:
SF:src/controllers/authController.ts
FN:4,signUp
FN:10,signIn
FN:16,checkToken
FNF:3
FNH:3
FNDA:3,signUp
FNDA:5,signIn
FNDA:1,checkToken
DA:5,3
DA:7,1
DA:11,5
DA:13,2
DA:17,1
LF:5
LH:5
BRF:0
BRH:0
end_of_record
TN:
SF:src/middlewares/handleErrorsMiddleware.ts
FN:8,handleErrorsMiddleware
FNF:1
FNH:1
FNDA:12,handleErrorsMiddleware
DA:16,12
DA:17,12
DA:22,0
LF:3
LH:2
BRDA:16,0,0,12
BRF:1
BRH:1
end_of_record
TN:
SF:src/middlewares/validateSchemaMiddleware.ts
FN:4,validateSchemaMiddleware
FN:5,(anonymous_1)
FNF:2
FNH:2
FNDA:2,validateSchemaMiddleware
FNDA:15,(anonymous_1)
DA:5,2
DA:6,15
DA:7,15
DA:8,7
DA:11,8
LF:5
LH:5
BRDA:7,0,0,7
BRF:1
BRH:1
end_of_record
TN:
SF:src/middlewares/validateTokenMiddleware.ts
FN:5,validateTokenMiddleware
FN:22,getTokenData
FN:24,(anonymous_2)
FN:33,getUser
FNF:4
FNH:4
FNDA:1,validateTokenMiddleware
FNDA:1,getTokenData
FNDA:1,(anonymous_2)
FNDA:1,getUser
DA:10,1
DA:12,1
DA:13,0
DA:16,1
DA:17,1
DA:19,1
DA:24,1
DA:25,1
DA:26,0
DA:28,1
DA:30,1
DA:34,1
DA:36,1
DA:37,0
DA:40,1
LF:15
LH:12
BRDA:12,0,0,0
BRDA:25,1,0,0
BRDA:36,2,0,0
BRF:3
BRH:0
end_of_record
TN:
SF:src/repositories/userRepository.ts
FN:3,findByEmail
FN:7,createNewUser
FNF:2
FNH:2
FNDA:8,findByEmail
FNDA:1,createNewUser
DA:4,8
DA:13,1
DA:15,1
LF:3
LH:3
BRF:0
BRH:0
end_of_record
TN:
SF:src/routers/authRouter.ts
FNF:0
FNH:0
DA:8,1
DA:10,1
DA:15,1
DA:21,1
LF:4
LH:4
BRF:0
BRH:0
end_of_record
TN:
SF:src/routers/index.ts
FNF:0
FNH:0
DA:4,1
DA:5,1
LF:2
LH:2
BRF:0
BRH:0
end_of_record
TN:
SF:src/schemas/signInSchema.ts
FNF:0
FNH:0
DA:3,1
LF:1
LH:1
BRF:0
BRH:0
end_of_record
TN:
SF:src/schemas/signUpSchema.ts
FNF:0
FNH:0
DA:4,1
LF:1
LH:1
BRF:0
BRH:0
end_of_record
TN:
SF:src/services/authService.ts
FN:22,signUp
FN:34,signIn
FN:45,checkIfPasswordsMatch
FN:52,checkIfEmailExists
FN:60,encryptPassword
FN:64,validateLogin
FN:73,validatePassword
FN:79,generateToken
FNF:8
FNH:8
FNDA:3,signUp
FNDA:5,signIn
FNDA:3,checkIfPasswordsMatch
FNDA:2,checkIfEmailExists
FNDA:1,encryptPassword
FNDA:5,validateLogin
FNDA:3,validatePassword
FNDA:2,generateToken
DA:23,3
DA:25,3
DA:26,2
DA:27,1
DA:29,1
DA:31,1
DA:35,5
DA:37,5
DA:38,2
DA:46,3
DA:47,1
DA:49,2
DA:53,2
DA:55,2
DA:56,1
DA:61,1
DA:65,5
DA:66,5
DA:68,3
DA:70,2
DA:74,3
DA:75,1
DA:80,2
DA:82,2
LF:24
LH:24
BRDA:46,0,0,1
BRDA:55,1,0,1
BRDA:66,2,0,2
BRDA:74,3,0,1
BRF:4
BRH:4
end_of_record
TN:
SF:src/utils/errorUtils.ts
FN:7,isAppError
FN:11,errorTypeToStatusCode
FNF:2
FNH:2
FNDA:12,isAppError
FNDA:12,errorTypeToStatusCode
DA:8,12
DA:12,12
DA:13,12
DA:14,12
DA:15,7
DA:16,7
LF:6
LH:6
BRDA:12,0,0,0
BRDA:13,1,0,0
BRDA:14,2,0,5
BRDA:15,3,0,0
BRF:4
BRH:1
end_of_record
TN:
SF:tests/factories/signInFactory.ts
FN:7,signInBody
FN:27,signIn
FNF:2
FNH:2
FNDA:4,signInBody
FNDA:3,signIn
DA:8,4
DA:9,4
DA:11,4
DA:12,1
DA:15,3
DA:16,1
DA:20,2
DA:28,3
DA:29,3
DA:30,3
DA:31,3
DA:32,3
DA:34,3
DA:38,3
LF:14
LH:14
BRDA:11,0,0,1
BRDA:11,0,1,3
BRDA:15,1,0,1
BRDA:15,1,1,2
BRF:4
BRH:4
end_of_record
TN:
SF:tests/factories/signUpFactory.ts
FN:10,signUpBody
FNF:1
FNH:1
FNDA:8,signUpBody
DA:11,8
DA:12,8
DA:13,8
DA:14,8
DA:16,8
DA:17,1
DA:23,7
DA:24,1
DA:30,6
DA:31,1
DA:37,5
DA:38,1
DA:44,4
DA:45,1
DA:52,3
LF:15
LH:15
BRDA:16,0,0,1
BRDA:16,0,1,7
BRDA:23,1,0,1
BRDA:23,1,1,6
BRDA:30,2,0,1
BRDA:30,2,1,5
BRDA:37,3,0,1
BRDA:37,3,1,4
BRDA:44,4,0,1
BRDA:44,4,1,3
BRF:10
BRH:10
end_of_record
