TN:
SF:src/app.ts
FNF:0
FNH:0
DA:8,1
DA:9,1
DA:10,1
DA:11,1
DA:12,1
LF:5
LH:5
BRF:0
BRH:0
end_of_record
TN:
SF:src/database.ts
FNF:0
FNH:0
DA:3,1
DA:4,1
DA:5,1
LF:3
LH:3
BRF:0
BRH:0
end_of_record
TN:
SF:src/setup.ts
FNF:0
FNH:0
DA:2,1
LF:1
LH:1
BRF:0
BRH:0
end_of_record
TN:
SF:src/controllers/authController.ts
FN:4,signUp
FN:10,signIn
FN:16,checkToken
FNF:3
FNH:3
FNDA:3,signUp
FNDA:4,signIn
FNDA:1,checkToken
DA:5,3
DA:7,1
DA:11,4
DA:13,1
DA:17,1
LF:5
LH:5
BRF:0
BRH:0
end_of_record
TN:
SF:src/controllers/categoryController.ts
FN:4,create
FN:12,get
FN:18,deleteEmpty
FN:26,edit
FNF:4
FNH:4
FNDA:2,create
FNDA:1,get
FNDA:3,deleteEmpty
FNDA:3,edit
DA:5,2
DA:7,2
DA:9,1
DA:13,1
DA:15,1
DA:19,3
DA:21,3
DA:23,1
DA:27,3
DA:28,3
DA:30,3
DA:32,1
LF:12
LH:12
BRF:0
BRH:0
end_of_record
TN:
SF:src/controllers/serviceController.ts
FN:4,create
FN:12,edit
FN:20,deleteService
FNF:3
FNH:3
FNDA:3,create
FNDA:4,edit
FNDA:3,deleteService
DA:5,3
DA:7,3
DA:9,1
DA:13,4
DA:15,4
DA:17,1
DA:21,3
DA:23,3
DA:25,1
LF:9
LH:9
BRF:0
BRH:0
end_of_record
TN:
SF:src/middlewares/handleErrorsMiddleware.ts
FN:8,handleErrorsMiddleware
FNF:1
FNH:1
FNDA:33,handleErrorsMiddleware
DA:16,33
DA:17,33
DA:22,0
LF:3
LH:2
BRDA:16,0,0,33
BRF:1
BRH:1
end_of_record
TN:
SF:src/middlewares/validateSchemaMiddleware.ts
FN:4,validateSchemaMiddleware
FN:5,(anonymous_1)
FNF:2
FNH:2
FNDA:6,validateSchemaMiddleware
FNDA:32,(anonymous_1)
DA:5,6
DA:6,32
DA:7,32
DA:8,13
DA:11,19
LF:5
LH:5
BRDA:7,0,0,13
BRF:1
BRH:1
end_of_record
TN:
SF:src/middlewares/validateTokenMiddleware.ts
FN:5,validateTokenMiddleware
FN:22,getTokenData
FN:24,(anonymous_2)
FN:33,getUser
FNF:4
FNH:4
FNDA:23,validateTokenMiddleware
FNDA:22,getTokenData
FNDA:22,(anonymous_2)
FNDA:21,getUser
DA:10,23
DA:12,23
DA:13,1
DA:16,22
DA:17,21
DA:19,20
DA:24,22
DA:25,22
DA:26,1
DA:28,21
DA:30,21
DA:34,21
DA:36,21
DA:37,1
DA:40,20
LF:15
LH:15
BRDA:12,0,0,1
BRDA:25,1,0,1
BRDA:36,2,0,1
BRF:3
BRH:3
end_of_record
TN:
SF:src/repositories/categoryRepository.ts
FN:3,insert
FN:7,getAll
FN:11,getByTitle
FN:15,remove
FN:19,editTitle
FNF:5
FNH:5
FNDA:1,insert
FNDA:1,getAll
FNDA:25,getByTitle
FNDA:1,remove
FNDA:1,editTitle
DA:4,1
DA:8,1
DA:12,25
DA:16,1
DA:20,1
LF:5
LH:5
BRF:0
BRH:0
end_of_record
TN:
SF:src/repositories/serviceRepository.ts
FN:5,createNewService
FN:16,editService
FN:37,deleteService
FNF:3
FNH:3
FNDA:1,createNewService
FNDA:1,editService
FNDA:1,deleteService
DA:6,1
DA:21,1
DA:38,1
LF:3
LH:3
BRF:0
BRH:0
end_of_record
TN:
SF:src/repositories/userRepository.ts
FN:3,findByEmail
FN:7,createNewUser
FNF:2
FNH:2
FNDA:27,findByEmail
FNDA:1,createNewUser
DA:4,27
DA:13,1
DA:15,1
LF:3
LH:3
BRF:0
BRH:0
end_of_record
TN:
SF:src/routers/authRouter.ts
FNF:0
FNH:0
DA:8,1
DA:10,1
DA:15,1
DA:21,1
LF:4
LH:4
BRF:0
BRH:0
end_of_record
TN:
SF:src/routers/categoryRouter.ts
FNF:0
FNH:0
DA:7,1
DA:9,1
DA:16,1
DA:22,1
DA:28,1
LF:5
LH:5
BRF:0
BRH:0
end_of_record
TN:
SF:src/routers/index.ts
FNF:0
FNH:0
DA:6,1
DA:7,1
DA:8,1
DA:9,1
LF:4
LH:4
BRF:0
BRH:0
end_of_record
TN:
SF:src/routers/serviceRouter.ts
FNF:0
FNH:0
DA:7,1
DA:9,1
DA:16,1
DA:23,1
LF:4
LH:4
BRF:0
BRH:0
end_of_record
TN:
SF:src/schemas/categorySchema.ts
FNF:0
FNH:0
DA:4,1
LF:1
LH:1
BRF:0
BRH:0
end_of_record
TN:
SF:src/schemas/serviceSchema.ts
FNF:0
FNH:0
DA:4,1
LF:1
LH:1
BRF:0
BRH:0
end_of_record
TN:
SF:src/schemas/signInSchema.ts
FNF:0
FNH:0
DA:4,1
LF:1
LH:1
BRF:0
BRH:0
end_of_record
TN:
SF:src/schemas/signUpSchema.ts
FNF:0
FNH:0
DA:4,1
LF:1
LH:1
BRF:0
BRH:0
end_of_record
TN:
SF:src/services/authService.ts
FN:22,signUp
FN:34,signIn
FN:45,checkIfPasswordsMatch
FN:52,checkIfEmailExists
FN:60,encryptPassword
FN:64,validateLogin
FN:73,validatePassword
FN:79,generateToken
FNF:8
FNH:8
FNDA:3,signUp
FNDA:4,signIn
FNDA:3,checkIfPasswordsMatch
FNDA:2,checkIfEmailExists
FNDA:1,encryptPassword
FNDA:4,validateLogin
FNDA:2,validatePassword
FNDA:1,generateToken
DA:23,3
DA:25,3
DA:26,2
DA:27,1
DA:29,1
DA:31,1
DA:35,4
DA:37,4
DA:38,1
DA:46,3
DA:47,1
DA:49,2
DA:53,2
DA:55,2
DA:56,1
DA:61,1
DA:65,4
DA:66,4
DA:68,2
DA:70,1
DA:74,2
DA:75,1
DA:80,1
DA:82,1
LF:24
LH:24
BRDA:46,0,0,1
BRDA:55,1,0,1
BRDA:66,2,0,2
BRDA:74,3,0,1
BRF:4
BRH:4
end_of_record
TN:
SF:src/services/categoryService.ts
FN:7,create
FN:18,get
FN:22,deleteEmpty
FN:33,categoryIsEmpty
FN:46,edit
FN:64,categoryExists
FNF:6
FNH:6
FNDA:2,create
FNDA:1,get
FNDA:3,deleteEmpty
FNDA:3,categoryIsEmpty
FNDA:3,edit
FNDA:10,categoryExists
DA:8,2
DA:9,1
DA:15,1
DA:19,1
DA:23,3
DA:24,1
DA:30,1
DA:34,3
DA:36,3
DA:37,1
DA:43,2
DA:47,3
DA:48,1
DA:54,2
DA:55,1
DA:61,1
DA:65,10
LF:17
LH:17
BRDA:8,0,0,1
BRDA:23,1,0,1
BRDA:36,2,0,1
BRDA:47,3,0,1
BRDA:54,4,0,1
BRF:5
BRH:5
end_of_record
TN:
SF:src/services/serviceService.ts
FN:11,create
FN:21,edit
FN:38,deleteService
FN:48,validateCategory
FN:56,serviceExists
FNF:5
FNH:5
FNDA:3,create
FNDA:4,edit
FNDA:3,deleteService
FNDA:12,validateCategory
FNDA:12,serviceExists
DA:12,3
DA:13,1
DA:18,1
DA:26,4
DA:27,1
DA:29,2
DA:30,1
DA:35,1
DA:42,3
DA:43,1
DA:45,1
DA:49,12
DA:51,12
DA:53,9
DA:57,12
DA:59,9
DA:60,9
DA:61,11
DA:62,5
DA:66,9
LF:20
LH:20
BRDA:12,0,0,1
BRDA:26,1,0,1
BRDA:29,2,0,1
BRDA:42,3,0,1
BRDA:51,4,0,3
BRDA:61,5,0,5
BRF:6
BRH:6
end_of_record
TN:
SF:src/utils/errorUtils.ts
FN:7,isAppError
FN:11,errorTypeToStatusCode
FNF:2
FNH:2
FNDA:33,isAppError
FNDA:33,errorTypeToStatusCode
DA:8,33
DA:12,33
DA:13,31
DA:14,24
DA:15,15
DA:16,13
LF:6
LH:6
BRDA:12,0,0,2
BRDA:13,1,0,7
BRDA:14,2,0,9
BRDA:15,3,0,2
BRF:4
BRH:4
end_of_record
TN:
SF:tests/factories/categoryFactory.ts
FN:6,categoryBody
FN:18,insertCategory
FNF:2
FNH:2
FNDA:27,categoryBody
FNDA:22,insertCategory
DA:7,27
DA:9,27
DA:10,2
DA:12,25
DA:19,22
DA:21,22
DA:25,22
LF:7
LH:7
BRDA:9,0,0,2
BRDA:9,0,1,25
BRF:2
BRH:2
end_of_record
TN:
SF:tests/factories/serviceFactory.ts
FN:7,serviceBody
FN:47,insertService
FNF:2
FNH:2
FNDA:19,serviceBody
FNDA:11,insertService
DA:8,19
DA:9,19
DA:10,19
DA:11,19
DA:13,19
DA:14,1
DA:19,18
DA:20,1
DA:25,17
DA:26,1
DA:31,16
DA:32,1
DA:38,15
DA:48,11
DA:50,11
DA:59,11
LF:16
LH:16
BRDA:13,0,0,1
BRDA:13,0,1,18
BRDA:19,1,0,1
BRDA:19,1,1,17
BRDA:25,2,0,1
BRDA:25,2,1,16
BRDA:31,3,0,1
BRDA:31,3,1,15
BRF:8
BRH:8
end_of_record
TN:
SF:tests/factories/signInFactory.ts
FN:8,signInBody
FN:28,signIn
FN:47,generateValidToken
FNF:3
FNH:3
FNDA:4,signInBody
FNDA:28,signIn
FNDA:26,generateValidToken
DA:9,4
DA:10,4
DA:12,4
DA:13,1
DA:16,3
DA:17,1
DA:21,2
DA:29,28
DA:30,28
DA:31,28
DA:32,28
DA:33,28
DA:35,28
DA:39,28
DA:48,26
DA:50,26
DA:52,26
LF:17
LH:17
BRDA:12,0,0,1
BRDA:12,0,1,3
BRDA:16,1,0,1
BRDA:16,1,1,2
BRF:4
BRH:4
end_of_record
TN:
SF:tests/factories/signUpFactory.ts
FN:10,signUpBody
FNF:1
FNH:1
FNDA:8,signUpBody
DA:11,8
DA:12,8
DA:13,8
DA:14,8
DA:16,8
DA:17,1
DA:23,7
DA:24,1
DA:30,6
DA:31,1
DA:37,5
DA:38,1
DA:44,4
DA:45,1
DA:52,3
LF:15
LH:15
BRDA:16,0,0,1
BRDA:16,0,1,7
BRDA:23,1,0,1
BRDA:23,1,1,6
BRDA:30,2,0,1
BRDA:30,2,1,5
BRDA:37,3,0,1
BRDA:37,3,1,4
BRDA:44,4,0,1
BRDA:44,4,1,3
BRF:10
BRH:10
end_of_record
